This is pdfTeX, Version 3.14159265-2.6-1.40.18 (MiKTeX 2.9.6300 64-bit) (preloaded format=pdflatex 2017.9.3)  2 OCT 2017 19:52
entering extended mode
**./Assignment4.tex
(Assignment4.tex
LaTeX2e <2017-04-15>
Babel <3.9t> and hyphenation patterns for 76 language(s) loaded.
(Z:\Courses\TeX\MiKTeX\tex\latex\amscls\amsart.cls
Document Class: amsart 2015/03/04 v2.20.2
\linespacing=\dimen102
\normalparindent=\dimen103
\normaltopskip=\skip41
(Z:\Courses\TeX\MiKTeX\tex\latex\amsmath\amsmath.sty
Package: amsmath 2016/11/05 v2.16a AMS math features
\@mathmargin=\skip42

For additional information on amsmath, use the `?' option.
(Z:\Courses\TeX\MiKTeX\tex\latex\amsmath\amstext.sty
Package: amstext 2000/06/29 v2.01 AMS text

(Z:\Courses\TeX\MiKTeX\tex\latex\amsmath\amsgen.sty
File: amsgen.sty 1999/11/30 v2.0 generic functions
\@emptytoks=\toks14
\ex@=\dimen104
))
(Z:\Courses\TeX\MiKTeX\tex\latex\amsmath\amsbsy.sty
Package: amsbsy 1999/11/29 v1.2d Bold Symbols
\pmbraise@=\dimen105
)
(Z:\Courses\TeX\MiKTeX\tex\latex\amsmath\amsopn.sty
Package: amsopn 2016/03/08 v2.02 operator names
)
\inf@bad=\count79
LaTeX Info: Redefining \frac on input line 213.
\uproot@=\count80
\leftroot@=\count81
LaTeX Info: Redefining \overline on input line 375.
\classnum@=\count82
\DOTSCASE@=\count83
LaTeX Info: Redefining \ldots on input line 472.
LaTeX Info: Redefining \dots on input line 475.
LaTeX Info: Redefining \cdots on input line 596.
\Mathstrutbox@=\box26
\strutbox@=\box27
\big@size=\dimen106
LaTeX Font Info:    Redeclaring font encoding OML on input line 712.
LaTeX Font Info:    Redeclaring font encoding OMS on input line 713.
\macc@depth=\count84
\c@MaxMatrixCols=\count85
\dotsspace@=\muskip10
\c@parentequation=\count86
\dspbrk@lvl=\count87
\tag@help=\toks15
\row@=\count88
\column@=\count89
\maxfields@=\count90
\andhelp@=\toks16
\eqnshift@=\dimen107
\alignsep@=\dimen108
\tagshift@=\dimen109
\tagwidth@=\dimen110
\totwidth@=\dimen111
\lineht@=\dimen112
\@envbody=\toks17
\multlinegap=\skip43
\multlinetaggap=\skip44
\mathdisplay@stack=\toks18
LaTeX Info: Redefining \[ on input line 2817.
LaTeX Info: Redefining \] on input line 2818.
)
LaTeX Font Info:    Try loading font information for U+msa on input line 388.

(Z:\Courses\TeX\MiKTeX\tex\latex\amsfonts\umsa.fd
File: umsa.fd 2013/01/14 v3.01 AMS symbols A
)
(Z:\Courses\TeX\MiKTeX\tex\latex\amsfonts\amsfonts.sty
Package: amsfonts 2013/01/14 v3.01 Basic AMSFonts support
\symAMSa=\mathgroup4
\symAMSb=\mathgroup5
LaTeX Font Info:    Overwriting math alphabet `\mathfrak' in version `bold'
(Font)                  U/euf/m/n --> U/euf/b/n on input line 106.
)
\copyins=\insert199
\abstractbox=\box28
\listisep=\skip45
\c@part=\count91
\c@section=\count92
\c@subsection=\count93
\c@subsubsection=\count94
\c@paragraph=\count95
\c@subparagraph=\count96
\c@figure=\count97
\c@table=\count98
\abovecaptionskip=\skip46
\belowcaptionskip=\skip47
\captionindent=\dimen113
\thm@style=\toks19
\thm@bodyfont=\toks20
\thm@headfont=\toks21
\thm@notefont=\toks22
\thm@headpunct=\toks23
\thm@preskip=\skip48
\thm@postskip=\skip49
\thm@headsep=\skip50
\dth@everypar=\toks24
) (Assignment4.aux)
\openout1 = `Assignment4.aux'.

LaTeX Font Info:    Checking defaults for OML/cmm/m/it on input line 3.
LaTeX Font Info:    ... okay on input line 3.
LaTeX Font Info:    Checking defaults for T1/cmr/m/n on input line 3.
LaTeX Font Info:    ... okay on input line 3.
LaTeX Font Info:    Checking defaults for OT1/cmr/m/n on input line 3.
LaTeX Font Info:    ... okay on input line 3.
LaTeX Font Info:    Checking defaults for OMS/cmsy/m/n on input line 3.
LaTeX Font Info:    ... okay on input line 3.
LaTeX Font Info:    Checking defaults for OMX/cmex/m/n on input line 3.
LaTeX Font Info:    ... okay on input line 3.
LaTeX Font Info:    Checking defaults for U/cmr/m/n on input line 3.
LaTeX Font Info:    ... okay on input line 3.
LaTeX Font Info:    Try loading font information for U+msa on input line 3.

(Z:\Courses\TeX\MiKTeX\tex\latex\amsfonts\umsa.fd
File: umsa.fd 2013/01/14 v3.01 AMS symbols A
)
LaTeX Font Info:    Try loading font information for U+msb on input line 3.

(Z:\Courses\TeX\MiKTeX\tex\latex\amsfonts\umsb.fd
File: umsb.fd 2013/01/14 v3.01 AMS symbols B
)
Underfull \hbox (badness 10000) in paragraph at lines 10--11

 []


Underfull \hbox (badness 10000) in paragraph at lines 12--13

 []


Underfull \hbox (badness 10000) in paragraph at lines 17--25

 []


Underfull \hbox (badness 10000) in paragraph at lines 17--25

 []


Underfull \hbox (badness 10000) in paragraph at lines 17--25

 []


Underfull \hbox (badness 10000) in paragraph at lines 17--25

 []


Underfull \hbox (badness 10000) in paragraph at lines 28--42

 []


Underfull \hbox (badness 10000) in paragraph at lines 28--42

 []


Underfull \hbox (badness 10000) in paragraph at lines 44--60

 []


Underfull \hbox (badness 10000) in paragraph at lines 44--60

 []


Underfull \hbox (badness 10000) in paragraph at lines 44--60

 []


Underfull \hbox (badness 10000) in paragraph at lines 44--60

 []


Underfull \hbox (badness 10000) in paragraph at lines 44--60

 []


Underfull \hbox (badness 10000) in paragraph at lines 44--60

 []


Underfull \hbox (badness 10000) in paragraph at lines 44--60

 []


Underfull \hbox (badness 10000) in paragraph at lines 44--60

 []


Underfull \hbox (badness 10000) in paragraph at lines 44--60

 []


Underfull \hbox (badness 10000) in paragraph at lines 44--60

 []


Underfull \hbox (badness 10000) in paragraph at lines 44--60

 []


Underfull \vbox (badness 10000) has occurred while \output is active []

 [1{C:/ProgramData/MiKTeX/2.9/pdftex/config/pdftex.map}]
Underfull \hbox (badness 10000) in paragraph at lines 64--72

 []


Underfull \hbox (badness 10000) in paragraph at lines 64--72

 []


Underfull \hbox (badness 10000) in paragraph at lines 64--72

 []


Underfull \hbox (badness 10000) in paragraph at lines 64--72

 []


Overfull \hbox (4.39609pt too wide) in paragraph at lines 75--83
[]\OT1/cmr/m/n/10.95 #60. De-ter-mine if the func-tion $\OML/cmm/m/it/10.95 f \
OT1/cmr/m/n/10.95 : \OML/cmm/m/it/10.95 M[]\OT1/cmr/m/n/10.95 (\U/msb/m/n/10.95
 R\OT1/cmr/m/n/10.95 ) \OMS/cmsy/m/n/10.95 ! \U/msb/m/n/10.95 R$ \OT1/cmr/m/n/1
0.95 de-fined by $\OML/cmm/m/it/10.95 f [] \OT1/cmr/m/n/10.95 =
 []


Underfull \hbox (badness 10000) in paragraph at lines 75--83

 []


Underfull \hbox (badness 10000) in paragraph at lines 75--83

 []


Overfull \hbox (29.24658pt too wide) in paragraph at lines 75--83
\OT1/cmr/m/n/10.95 We want to show that $\OML/cmm/m/it/10.95 f [] \OT1/cmr/m/n/
10.95 = \OML/cmm/m/it/10.95 f [] \OT1/cmr/m/n/10.95 + \OML/cmm/m/it/10.95 f []$
\OT1/cmr/m/n/10.95 . 
 []


Underfull \hbox (badness 10000) in paragraph at lines 75--83

 []


Underfull \hbox (badness 10000) in paragraph at lines 75--83

 []


Underfull \hbox (badness 10000) in paragraph at lines 75--83

 []


Underfull \hbox (badness 10000) in paragraph at lines 75--83

 []


Underfull \hbox (badness 10000) in paragraph at lines 75--83

 []


Underfull \vbox (badness 10000) has occurred while \output is active []

 [2]
Underfull \hbox (badness 10000) in paragraph at lines 85--87

 []

[3] (Assignment4.aux) ) 
Here is how much of TeX's memory you used:
 1390 strings out of 493320
 15253 string characters out of 3141585
 81422 words of memory out of 3000000
 4809 multiletter control sequences out of 15000+200000
 10786 words of font info for 42 fonts, out of 3000000 for 9000
 1302 hyphenation exceptions out of 8191
 34i,11n,28p,666b,164s stack positions out of 5000i,500n,10000p,200000b,50000s
<Z:/Courses/TeX/MiKTeX/fonts/type1/public/amsfonts/cm/cm
bx10.pfb><Z:/Courses/TeX/MiKTeX/fonts/type1/public/amsfonts/cm/cmex10.pfb><Z:/C
ourses/TeX/MiKTeX/fonts/type1/public/amsfonts/cm/cmmi10.pfb><Z:/Courses/TeX/MiK
TeX/fonts/type1/public/amsfonts/cm/cmmi8.pfb><Z:/Courses/TeX/MiKTeX/fonts/type1
/public/amsfonts/cm/cmr10.pfb><Z:/Courses/TeX/MiKTeX/fonts/type1/public/amsfont
s/cm/cmr8.pfb><Z:/Courses/TeX/MiKTeX/fonts/type1/public/amsfonts/cm/cmsy10.pfb>
<Z:/Courses/TeX/MiKTeX/fonts/type1/public/amsfonts/cm/cmsy8.pfb><Z:/Courses/TeX
/MiKTeX/fonts/type1/public/amsfonts/symbols/msbm10.pfb>
Output written on Assignment4.pdf (3 pages, 101343 bytes).
PDF statistics:
 48 PDF objects out of 1000 (max. 8388607)
 0 named destinations out of 1000 (max. 500000)
 1 words of extra memory for PDF output out of 10000 (max. 10000000)

